[2026-03-29T01:16:47Z] SKIP: Last commit was 2026-03-28T20:08:03-05:00 (01:08:03Z) — only ~8.5 min ago, under 10-minute cooldown. No fix this cycle.
  Note: lobe/cron directory created this cycle (first run).

[2026-03-29T07:30:01Z] FIX: app/page.tsx — rgba(0,0,0,0.45) on "One community." subtitle → var(--muted-foreground) (+ 5 additional rgba hits in same file: strip bg, 2× borders, stat divider, eyebrow, stats label)
  Files: app/app/page.tsx, app/context/fadejunkie_ui.md
  Commit: SKIP — last commit c83b1ba was only 6m59s before cycle time (07:23:02Z vs 07:30:01Z), under 10-minute cooldown
  DS Update: CONFIRM — rgba(0,0,0,*) in inline styles breaks dark mode — confirmed again in landing page (social proof strip + Three Paths section). 6 violations fixed total.
  Pattern: Landing page inline styles are equal-risk to component files for rgba() violations. Exception: rgba in ternary dark-mode guards and rgba(255,255,255,*) inside var(--foreground) bg sections are intentional — do NOT change those.
  Build: PASSED (18/18 static pages, 0 TypeScript errors)

[2026-03-29T13:00:00Z] FIX: PathSelector collapsible header — <h2> section label + missing font-sans on raw <button> → converted h2 to <p>, added font-sans to button className
  Files: components/PathSelector.tsx
  Commit: 5bed5d7
  DS Update: CONFIRM — Section-label elements must NOT use heading tags — collapsible card header buttons are a confirmed risk surface; dev had a comment acknowledging h2 inheritance but still shipped it; rule holds for component files not just pages
  Pattern: When a developer leaves a comment like "h2 inherits: X from globals.css" it is an acknowledgment of a known violation, not a justification — always fix regardless of comment presence. Collapsible accordion buttons that contain card-title h2/h3 are a dual-risk surface: both the heading tag AND the raw button font need fixing in the same edit.

[2026-03-29T09:15:01Z] FIX: components/manifesto.tsx — var(--font-geist-mono) ghost token x2 (attribution eyebrow "Shop Talk" + PILLARS map label <p>, 4 runtime renders) → replaced with var(--font-mono) via replace_all
  Files: components/manifesto.tsx, context/fadejunkie_ui.md, lobe/memory/growth.md
  Commit: fac3fea
  DS Update: CONFIRM [HARDENED x6] — var(--font-mono) is the ONLY correct monospace token — confirmed in 6th component file; static data arrays (PILLARS map) multiply a single source ghost token into N runtime renders
  Pattern: Editorial section components with static copy arrays (PILLARS, TESTIMONIALS, STATS) authored in bulk are highest-density ghost token surface — one authoring session introduces the token once, array rendering exposes it N times. replace_all is sufficient fix.

[2026-03-29T18:00:01Z] FIX: app/(auth)/tools/page.tsx — style={{ color: "var(--link)" }} on 2× eyebrow <p> labels → text-link Tailwind class (replace_all)
  Files: app/app/(auth)/tools/page.tsx, app/context/fadejunkie_ui.md
  Commit: 7596d79
  DS Update: CONFIRM [HARDENED x4] — Inline style props for structural CSS properties with Tailwind equivalents — color token variant confirmed; `style={{ color: "var(--link)" }}` → `text-link` (token registered in @theme inline as --color-link)
  Pattern: When a CSS token is registered in @theme inline, `style={{ color: "var(--token)" }}` is always a P1 — the Tailwind utility exists and is more composable, auditable, and purgeable than the inline style. Detection: grep `style=.*color.*var(--` across all TSX files.
  Build: PASSED

[2026-03-29T19:15:02Z] FIX: components/PublicStatusBadges.tsx — 3× full inline style blocks (compact badge span, path group <p>, full badge span) → Tailwind classes; zero style={{}} props remain in file
  Files: app/components/PublicStatusBadges.tsx, app/context/fadejunkie_ui.md
  Commit: d2c304f
  DS Update: CONFIRM [HARDENED x6] — Inline style props rule — pure display component (no "use client", props-in/JSX-out) confirmed as highest-risk surface for full-block inline styles; entire style blocks eliminated across all 3 element types in the component
  Pattern: Pure display components authored in isolation (no hooks, no directives) are fastest-authored and least-audited — they receive full inline style blocks during scaffolding and are rarely revisited. Detection: grep `style=\{\{` in components/ files lacking "use client" directive — these have highest density of unreviewed inline style accumulation. Fix converts ALL properties in the block (fontFamily→font-mono, fontSize→text-*, color→text-*, opacity modifier, border opacity variant, rounded-[Npx], padding utilities, tracking utility) removing the style prop entirely.
  Build: PASSED
