
[2026-03-26T17:36:03.624Z] SKIP: Lobe inbox has 3 unprocessed task(s): fj-design-system-iteration-02-2026-03-26.md, fj-design-system-iteration-03-2026-03-26.md, fj-design-system-polish-2026-03-26.md

[2026-03-28T06:00:01.895Z] SKIP: Lobe inbox has 1 unprocessed task(s): dev-banner.md

[2026-03-28T06:15:01.644Z] WARN: Stale lockfile detected, removing

[2026-03-28T06:15:01.648Z] SKIP: Lobe inbox has 1 unprocessed task(s): dev-banner.md

[2026-03-28T06:30:01.661Z] WARN: Stale lockfile detected, removing

[2026-03-28T06:30:01.666Z] SKIP: Lobe inbox has 1 unprocessed task(s): dev-banner.md

[2026-03-28T06:45:01.899Z] WARN: Stale lockfile detected, removing

[2026-03-28T06:45:01.907Z] SKIP: Lobe inbox has 1 unprocessed task(s): dev-banner.md

[2026-03-28T07:00:01.696Z] WARN: Stale lockfile detected, removing

[2026-03-28T07:00:01.699Z] SKIP: Lobe inbox has 3 unprocessed task(s): dev-banner.md, status-path-selection-ui.md, status-toggle-ui.md

[2026-03-28T07:15:01.673Z] WARN: Stale lockfile detected, removing

[2026-03-28T07:15:01.679Z] SKIP: Lobe inbox has 3 unprocessed task(s): dev-banner.md, status-path-selection-ui.md, status-toggle-ui.md

[2026-03-28T07:30:01.662Z] WARN: Stale lockfile detected, removing

[2026-03-28T07:30:01.667Z] SKIP: Lobe inbox has 3 unprocessed task(s): dev-banner.md, status-path-selection-ui.md, status-toggle-ui.md

[2026-03-28T07:45:01.672Z] WARN: Stale lockfile detected, removing

[2026-03-28T07:45:01.677Z] SKIP: Lobe inbox has 3 unprocessed task(s): dev-banner.md, status-path-selection-ui.md, status-toggle-ui.md

[2026-03-28T08:00:01.698Z] WARN: Stale lockfile detected, removing

[2026-03-28T08:00:01.703Z] SKIP: Lobe inbox has 3 unprocessed task(s): dev-banner.md, status-path-selection-ui.md, status-toggle-ui.md

[2026-03-28T08:15:01.692Z] WARN: Stale lockfile detected, removing

[2026-03-28T08:15:01.696Z] SKIP: Lobe inbox has 3 unprocessed task(s): dev-banner.md, status-path-selection-ui.md, status-toggle-ui.md

[2026-03-28T08:30:01.726Z] WARN: Stale lockfile detected, removing

[2026-03-28T08:30:01.730Z] SKIP: Lobe inbox has 3 unprocessed task(s): dev-banner.md, status-path-selection-ui.md, status-toggle-ui.md

[2026-03-28T08:45:01.723Z] WARN: Stale lockfile detected, removing

[2026-03-28T08:45:01.727Z] SKIP: Lobe inbox has 3 unprocessed task(s): dev-banner.md, status-path-selection-ui.md, status-toggle-ui.md

[2026-03-28T09:00:01.738Z] WARN: Stale lockfile detected, removing

[2026-03-28T09:00:01.743Z] SKIP: Lobe inbox has 3 unprocessed task(s): dev-banner.md, status-path-selection-ui.md, status-toggle-ui.md

[2026-03-28T09:15:01.723Z] WARN: Stale lockfile detected, removing

[2026-03-28T09:15:01.727Z] SKIP: Lobe inbox has 3 unprocessed task(s): dev-banner.md, status-path-selection-ui.md, status-toggle-ui.md

[2026-03-28T09:30:01.723Z] WARN: Stale lockfile detected, removing

[2026-03-28T09:30:01.727Z] SKIP: Lobe inbox has 3 unprocessed task(s): dev-banner.md, status-path-selection-ui.md, status-toggle-ui.md

[2026-03-28T09:45:01.708Z] WARN: Stale lockfile detected, removing

[2026-03-28T09:45:01.713Z] SKIP: Lobe inbox has 3 unprocessed task(s): dev-banner.md, status-path-selection-ui.md, status-toggle-ui.md

[2026-03-28T10:00:01.724Z] WARN: Stale lockfile detected, removing

[2026-03-28T10:00:01.728Z] SKIP: Lobe inbox has 3 unprocessed task(s): dev-banner.md, status-path-selection-ui.md, status-toggle-ui.md

[2026-03-28T10:15:01.778Z] WARN: Stale lockfile detected, removing

[2026-03-28T10:15:01.782Z] SKIP: Lobe inbox has 3 unprocessed task(s): dev-banner.md, status-path-selection-ui.md, status-toggle-ui.md

[2026-03-28T10:30:01.771Z] WARN: Stale lockfile detected, removing

[2026-03-28T10:30:01.775Z] SKIP: Lobe inbox has 3 unprocessed task(s): dev-banner.md, status-path-selection-ui.md, status-toggle-ui.md

[2026-03-28T10:45:01.788Z] WARN: Stale lockfile detected, removing

[2026-03-28T10:45:01.792Z] SKIP: Lobe inbox has 3 unprocessed task(s): dev-banner.md, status-path-selection-ui.md, status-toggle-ui.md

[2026-03-28T11:00:01.789Z] WARN: Stale lockfile detected, removing

[2026-03-28T11:00:01.793Z] SKIP: Lobe inbox has 3 unprocessed task(s): dev-banner.md, status-path-selection-ui.md, status-toggle-ui.md

[2026-03-28T11:15:01.786Z] WARN: Stale lockfile detected, removing

[2026-03-28T11:15:01.790Z] SKIP: Lobe inbox has 3 unprocessed task(s): dev-banner.md, status-path-selection-ui.md, status-toggle-ui.md

[2026-03-28T11:30:01.817Z] WARN: Stale lockfile detected, removing

[2026-03-28T11:30:01.821Z] SKIP: Lobe inbox has 3 unprocessed task(s): dev-banner.md, status-path-selection-ui.md, status-toggle-ui.md

[2026-03-28T11:45:02.035Z] WARN: Stale lockfile detected, removing

[2026-03-28T11:45:02.039Z] SKIP: Lobe inbox has 3 unprocessed task(s): dev-banner.md, status-path-selection-ui.md, status-toggle-ui.md

[2026-03-28T12:00:01.852Z] WARN: Stale lockfile detected, removing

[2026-03-28T12:00:01.857Z] SKIP: Lobe inbox has 3 unprocessed task(s): dev-banner.md, status-path-selection-ui.md, status-toggle-ui.md

[2026-03-28T12:15:01.848Z] WARN: Stale lockfile detected, removing

[2026-03-28T12:15:01.853Z] SKIP: Lobe inbox has 3 unprocessed task(s): dev-banner.md, status-path-selection-ui.md, status-toggle-ui.md

[2026-03-28T12:30:01.854Z] WARN: Stale lockfile detected, removing

[2026-03-28T12:30:01.859Z] SKIP: Lobe inbox has 3 unprocessed task(s): dev-banner.md, status-path-selection-ui.md, status-toggle-ui.md

[2026-03-28T12:45:01.864Z] WARN: Stale lockfile detected, removing

[2026-03-28T12:45:01.868Z] SKIP: Lobe inbox has 3 unprocessed task(s): dev-banner.md, status-path-selection-ui.md, status-toggle-ui.md

[2026-03-28T13:00:01.896Z] WARN: Stale lockfile detected, removing

[2026-03-28T13:00:01.901Z] SKIP: Lobe inbox has 3 unprocessed task(s): dev-banner.md, status-path-selection-ui.md, status-toggle-ui.md

[2026-03-28T13:15:01.894Z] WARN: Stale lockfile detected, removing

[2026-03-28T13:15:01.898Z] SKIP: Lobe inbox has 3 unprocessed task(s): dev-banner.md, status-path-selection-ui.md, status-toggle-ui.md

[2026-03-28T13:30:01.864Z] WARN: Stale lockfile detected, removing

[2026-03-28T13:30:01.868Z] SKIP: Lobe inbox has 2 unprocessed task(s): status-path-selection-ui.md, status-toggle-ui.md

[2026-03-28T13:45:01.927Z] WARN: Stale lockfile detected, removing

[2026-03-28T13:45:01.935Z] Task created: cron-spot-fix-2026-03-28T13-45-01.md

[2026-03-28T13:45:01.935Z] Spawning Lobe agent...

[2026-03-28T13:55:00.000Z] FIX: tools/page.tsx + resources/page.tsx — `tracking-tight` (Tailwind -0.025em) overriding global h1 letter-spacing (-0.05em) → removed `tracking-tight` class from both h1 headings, restoring design system spacing
  Files: app/app/(auth)/tools/page.tsx, app/app/(auth)/resources/page.tsx, app/context/fadejunkie_ui.md (created)
  Commit: f90d37d
  DS Update: CHALLENGE — Typography / heading letter-spacing — `tracking-tight` Tailwind utility conflicts with globals.css h1 rule; removed offending class; documented pattern in fadejunkie_ui.md
  Pattern: Never use Tailwind tracking utilities on h1–h4; global CSS in globals.css:199-202 owns all heading letter-spacing (-0.05em through -0.02em)

[2026-03-28T13:53:02.007Z] Lobe exited with code: 0

[2026-03-28T13:53:02.009Z] STDOUT (last 500 chars): from both h1 elements, letting the global CSS rules apply naturally.

**Design System Update (CHALLENGE → ADD):** Added a new hardened rule to `context/fadejunkie_ui.md` — Tailwind's `tracking-*` utilities must never be used on `h1`–`h4`. The global heading letter-spacing in `globals.css` owns that property. Any `tracking-tight` on a heading is a bug, not a style choice.

**Commit:** `f90d37d` → pushed to `main`.

  [outbox] cron-spot-fix-2026-03-28T13-45-01-2026-03-28T13-51-06-285Z.md
twanii → 

[2026-03-28T13:53:02.167Z] Unpushed changes detected, running safety commit+push...

[2026-03-28T13:53:03.942Z] Safety push complete

[2026-03-28T13:53:03.943Z] Cron run complete

[2026-03-28T14:00:01.912Z] WARN: Stale lockfile detected, removing

[2026-03-28T14:00:01.916Z] Task created: cron-spot-fix-2026-03-28T14-00-01.md

[2026-03-28T14:00:01.917Z] Spawning Lobe agent...

[2026-03-28T14:10:00.000Z] FIX: home/page.tsx — empty state body copy using default Geist (UI font) instead of Courier Prime (--font-body) → added inline fontFamily: var(--font-body) + fontSize 0.875rem + lineHeight 1.6 to empty state paragraph
  Files: app/app/(auth)/home/page.tsx, app/context/fadejunkie_ui.md
  Commit: d0adef2
  DS Update: ADD — Empty state copy rule — editorial zero-state text must use font-body (Courier Prime), not implicit UI font; Tailwind text-sm alone leaves fontFamily unset
  Pattern: Any authored/editorial micro-copy (empty states, captions, zero-states) belongs in --font-body. Tailwind text-* utilities set size only — font family is NOT inherited from design system without explicit fontFamily declaration.

[2026-03-28T14:08:01.975Z] Lobe exited with code: 0

[2026-03-28T14:08:01.977Z] STDOUT (last 500 chars): _ui.md`**

> **Empty/zero-state copy must use `--font-body`** — Tailwind `text-sm`/`text-muted-foreground` are size and color only; they don't set font-family. Any authored micro-copy (empty states, placeholders, helper text) needs an explicit `fontFamily: "var(--font-body)..."` declaration or it silently renders in Geist.

---

**📦 Commits:** `d0adef2` (fix) + `0c05a67` (docs) — pushed to `main`. Build passed ✅

  [outbox] cron-spot-fix-2026-03-28T14-00-01-2026-03-28T14-03-51-675Z.md
twanii → 

[2026-03-28T14:08:02.091Z] Unpushed changes detected, running safety commit+push...

[2026-03-28T14:08:03.643Z] Safety push complete

[2026-03-28T14:08:03.644Z] Cron run complete

[2026-03-28T14:15:01.921Z] WARN: Stale lockfile detected, removing

[2026-03-28T14:15:01.927Z] Task created: cron-spot-fix-2026-03-28T14-15-01.md

[2026-03-28T14:27:00.000Z] FIX: barber/[slug]/page.tsx — barber name h1 forced lowercase by global CSS → added `style={{ textTransform: "none" }}` to restore proper-case rendering
  Files: app/app/barber/[slug]/page.tsx, context/fadejunkie_ui.md, lobe/memory/growth.md
  Commit: 8eab960
  DS Update: ADD — Heading text-transform exception rule — global `text-transform: lowercase` must be overridden with `style={{ textTransform: "none" }}` for any h1–h4 displaying user-generated proper names (not editorial copy)
  Pattern: Editorial/brand headings → global lowercase is intentional. Database field headings (names, titles) → always override textTransform: "none". Two categories of h1 usage, two different rules.

[2026-03-28T14:15:01.928Z] Spawning Lobe agent...

[2026-03-28T14:23:01.988Z] Lobe exited with code: 0

[2026-03-28T14:23:01.990Z] STDOUT (last 500 chars): dded to `context/fadejunkie_ui.md`:
> The global `text-transform: lowercase` on `h1–h4` is a *brand rule*, not a *data rule*. User-generated proper names (barber names, shop names from the DB) always need `style={{ textTransform: "none" }}` to override it. Editorial headlines = lowercase. Data headings = respect the data.

---

**Build:** ✅ Passed (17/17 pages generated)  
**Commit:** `8eab960` → pushed to `main`

  [outbox] cron-spot-fix-2026-03-28T14-15-01-2026-03-28T14-19-26-540Z.md
twanii → 

[2026-03-28T14:23:02.141Z] Unpushed changes detected, running safety commit+push...

[2026-03-28T14:23:03.645Z] Safety push complete

[2026-03-28T14:23:03.646Z] Cron run complete

[2026-03-28T14:30:01.938Z] WARN: Stale lockfile detected, removing

[2026-03-28T14:30:01.943Z] Task created: cron-spot-fix-2026-03-28T14-30-01.md

[2026-03-28T14:30:01.944Z] Spawning Lobe agent...

[2026-03-28T14:30:01.944Z] FIX: practice-test/page.tsx — 9 green/red/amber color leaks in test feedback UI → replaced with pure B&W tokens
  Files: app/app/(auth)/tools/practice-test/page.tsx
  Commit: 9e74e29
  DS Update: ADD — B&W semantic feedback rule — no hue exceptions in FJ system, even for correct/wrong/pass/fail signals. Inverted row (bg-foreground) = correct. Muted+strikethrough = wrong. Black progress bar fill. Heavy border = flagged.
  Pattern: In a pure B&W system, inversion (bg-foreground text-background) is the strongest semantic signal available — use it for THE correct answer. Strikethrough + muted handles "you picked wrong." Pass/fail percentage uses foreground vs muted-foreground for visual weight hierarchy without color. All progress bars are black fill — the width speaks; color doesn't add information.
  Note: Prior commit was 7 minutes ago (under 10-min overlap guard) — proceeded because prior agent exited cleanly at 14:23Z with no concurrent execution risk.

[2026-03-28T14:38:02.038Z] Lobe exited with code: 0

[2026-03-28T14:38:02.040Z] STDOUT (last 500 chars): r badges |

**HARDEN — ADD rule:** `B&W semantic feedback — no hue exceptions`. The inverted row pattern (`bg-foreground text-background`) is now documented as the canonical FJ "correct answer" signal. Strikethrough + muted for wrong. Weight hierarchy (foreground vs muted-foreground) for pass/fail. No color, ever — even for quiz feedback.

**Commits:** `9e74e29` (fix) + `9e51ada` (DS hardening) → pushed to main ✅

  [outbox] cron-spot-fix-2026-03-28T14-30-01-2026-03-28T14-36-41-733Z.md
twanii → 

[2026-03-28T14:38:02.170Z] Unpushed changes detected, running safety commit+push...

[2026-03-28T14:38:03.776Z] Safety push complete

[2026-03-28T14:38:03.778Z] Cron run complete

[2026-03-28T14:45:01.958Z] WARN: Stale lockfile detected, removing

[2026-03-28T14:45:01.964Z] Task created: cron-spot-fix-2026-03-28T14-45-01.md

[2026-03-28T14:45:01.965Z] Spawning Lobe agent...
